2024-12-18 14:22:19,515 DEBUG    root            Loaded Command Group: ['gcloud', 'components']
2024-12-18 14:22:19,519 DEBUG    root            Loaded Command Group: ['gcloud', 'components', 'update']
2024-12-18 14:22:19,521 DEBUG    root            Running [gcloud.components.update] with arguments: [--compile-python: "True", --quiet: "True", COMPONENT-IDS:6: "['core', 'gcloud-deps', 'bq', 'gcloud', 'gcloud-crc32c', 'gsutil']"]
2024-12-18 14:22:19,522 INFO     ___FILE_ONLY___ Beginning update. This process may take several minutes.

2024-12-18 14:22:19,550 DEBUG    urllib3.connectionpool Starting new HTTPS connection (1): dl.google.com:443
2024-12-18 14:22:19,687 DEBUG    urllib3.connectionpool https://dl.google.com:443 "GET /dl/cloudsdk/channels/rapid/components-2.json HTTP/1.1" 200 227824
2024-12-18 14:22:19,702 INFO     ___FILE_ONLY___ 

2024-12-18 14:22:19,702 INFO     ___FILE_ONLY___ 
Your current Google Cloud CLI version is: 504.0.0

2024-12-18 14:22:19,702 INFO     ___FILE_ONLY___ Installing components from version: 504.0.0

2024-12-18 14:22:19,702 INFO     ___FILE_ONLY___ 

2024-12-18 14:22:19,703 DEBUG    root            Chosen display Format:table[box,title="These components will be removed."](details.display_name:label=Name:align=left,version.version_string:label=Version:align=right,data.size.size(zero="",min=1048576):label=Size:align=right)
2024-12-18 14:22:19,703 DEBUG    root            Chosen display Format:table[box,title="These components will be updated."](details.display_name:label=Name:align=left,version.version_string:label=Version:align=right,data.size.size(zero="",min=1048576):label=Size:align=right)
2024-12-18 14:22:19,704 DEBUG    root            Chosen display Format:table[box,title="These components will be installed."](details.display_name:label=Name:align=left,version.version_string:label=Version:align=right,data.size.size(zero="",min=1048576):label=Size:align=right)
2024-12-18 14:22:19,740 INFO     ___FILE_ONLY___ ┌─────────────────────────────────────────────────────────────────────────────┐
2024-12-18 14:22:19,740 INFO     ___FILE_ONLY___ 

2024-12-18 14:22:19,740 INFO     ___FILE_ONLY___ │                     These components will be installed.                     │
2024-12-18 14:22:19,740 INFO     ___FILE_ONLY___ 

2024-12-18 14:22:19,740 INFO     ___FILE_ONLY___ ├─────────────────────────────────────────────────────┬────────────┬──────────┤
2024-12-18 14:22:19,740 INFO     ___FILE_ONLY___ 

2024-12-18 14:22:19,740 INFO     ___FILE_ONLY___ │                         Name                        │  Version   │   Size   │
2024-12-18 14:22:19,740 INFO     ___FILE_ONLY___ 

2024-12-18 14:22:19,741 INFO     ___FILE_ONLY___ ├─────────────────────────────────────────────────────┼────────────┼──────────┤
2024-12-18 14:22:19,741 INFO     ___FILE_ONLY___ 

2024-12-18 14:22:19,741 INFO     ___FILE_ONLY___ │ 
2024-12-18 14:22:19,741 INFO     ___FILE_ONLY___ BigQuery Command Line Tool                         
2024-12-18 14:22:19,741 INFO     ___FILE_ONLY___  
2024-12-18 14:22:19,741 INFO     ___FILE_ONLY___ │ 
2024-12-18 14:22:19,741 INFO     ___FILE_ONLY___     2.1.11
2024-12-18 14:22:19,741 INFO     ___FILE_ONLY___  
2024-12-18 14:22:19,741 INFO     ___FILE_ONLY___ │ 
2024-12-18 14:22:19,741 INFO     ___FILE_ONLY___  1.7 MiB
2024-12-18 14:22:19,741 INFO     ___FILE_ONLY___  
2024-12-18 14:22:19,741 INFO     ___FILE_ONLY___ │
2024-12-18 14:22:19,741 INFO     ___FILE_ONLY___ 

2024-12-18 14:22:19,741 INFO     ___FILE_ONLY___ │ 
2024-12-18 14:22:19,741 INFO     ___FILE_ONLY___ BigQuery Command Line Tool (Platform Specific)     
2024-12-18 14:22:19,741 INFO     ___FILE_ONLY___  
2024-12-18 14:22:19,741 INFO     ___FILE_ONLY___ │ 
2024-12-18 14:22:19,742 INFO     ___FILE_ONLY___      2.1.8
2024-12-18 14:22:19,742 INFO     ___FILE_ONLY___  
2024-12-18 14:22:19,742 INFO     ___FILE_ONLY___ │ 
2024-12-18 14:22:19,742 INFO     ___FILE_ONLY___  < 1 MiB
2024-12-18 14:22:19,742 INFO     ___FILE_ONLY___  
2024-12-18 14:22:19,742 INFO     ___FILE_ONLY___ │
2024-12-18 14:22:19,742 INFO     ___FILE_ONLY___ 

2024-12-18 14:22:19,742 INFO     ___FILE_ONLY___ │ 
2024-12-18 14:22:19,742 INFO     ___FILE_ONLY___ Bundled Python 3.11 (Platform Specific)            
2024-12-18 14:22:19,742 INFO     ___FILE_ONLY___  
2024-12-18 14:22:19,742 INFO     ___FILE_ONLY___ │ 
2024-12-18 14:22:19,742 INFO     ___FILE_ONLY___     3.11.9
2024-12-18 14:22:19,742 INFO     ___FILE_ONLY___  
2024-12-18 14:22:19,742 INFO     ___FILE_ONLY___ │ 
2024-12-18 14:22:19,742 INFO     ___FILE_ONLY___ 74.4 MiB
2024-12-18 14:22:19,742 INFO     ___FILE_ONLY___  
2024-12-18 14:22:19,742 INFO     ___FILE_ONLY___ │
2024-12-18 14:22:19,742 INFO     ___FILE_ONLY___ 

2024-12-18 14:22:19,743 INFO     ___FILE_ONLY___ │ 
2024-12-18 14:22:19,743 INFO     ___FILE_ONLY___ Cloud Storage Command Line Tool                    
2024-12-18 14:22:19,743 INFO     ___FILE_ONLY___  
2024-12-18 14:22:19,743 INFO     ___FILE_ONLY___ │ 
2024-12-18 14:22:19,743 INFO     ___FILE_ONLY___       5.33
2024-12-18 14:22:19,743 INFO     ___FILE_ONLY___  
2024-12-18 14:22:19,743 INFO     ___FILE_ONLY___ │ 
2024-12-18 14:22:19,743 INFO     ___FILE_ONLY___ 11.8 MiB
2024-12-18 14:22:19,743 INFO     ___FILE_ONLY___  
2024-12-18 14:22:19,743 INFO     ___FILE_ONLY___ │
2024-12-18 14:22:19,743 INFO     ___FILE_ONLY___ 

2024-12-18 14:22:19,743 INFO     ___FILE_ONLY___ │ 
2024-12-18 14:22:19,743 INFO     ___FILE_ONLY___ Cloud Storage Command Line Tool (Platform Specific)
2024-12-18 14:22:19,743 INFO     ___FILE_ONLY___  
2024-12-18 14:22:19,743 INFO     ___FILE_ONLY___ │ 
2024-12-18 14:22:19,743 INFO     ___FILE_ONLY___       5.30
2024-12-18 14:22:19,743 INFO     ___FILE_ONLY___  
2024-12-18 14:22:19,743 INFO     ___FILE_ONLY___ │ 
2024-12-18 14:22:19,743 INFO     ___FILE_ONLY___  < 1 MiB
2024-12-18 14:22:19,744 INFO     ___FILE_ONLY___  
2024-12-18 14:22:19,744 INFO     ___FILE_ONLY___ │
2024-12-18 14:22:19,744 INFO     ___FILE_ONLY___ 

2024-12-18 14:22:19,744 INFO     ___FILE_ONLY___ │ 
2024-12-18 14:22:19,744 INFO     ___FILE_ONLY___ Google Cloud CLI Core Libraries (Platform Specific)
2024-12-18 14:22:19,744 INFO     ___FILE_ONLY___  
2024-12-18 14:22:19,744 INFO     ___FILE_ONLY___ │ 
2024-12-18 14:22:19,744 INFO     ___FILE_ONLY___ 2024.08.30
2024-12-18 14:22:19,744 INFO     ___FILE_ONLY___  
2024-12-18 14:22:19,744 INFO     ___FILE_ONLY___ │ 
2024-12-18 14:22:19,744 INFO     ___FILE_ONLY___  < 1 MiB
2024-12-18 14:22:19,744 INFO     ___FILE_ONLY___  
2024-12-18 14:22:19,744 INFO     ___FILE_ONLY___ │
2024-12-18 14:22:19,744 INFO     ___FILE_ONLY___ 

2024-12-18 14:22:19,744 INFO     ___FILE_ONLY___ │ 
2024-12-18 14:22:19,744 INFO     ___FILE_ONLY___ Google Cloud CRC32C Hash Tool (Platform Specific)  
2024-12-18 14:22:19,744 INFO     ___FILE_ONLY___  
2024-12-18 14:22:19,744 INFO     ___FILE_ONLY___ │ 
2024-12-18 14:22:19,744 INFO     ___FILE_ONLY___      1.0.0
2024-12-18 14:22:19,745 INFO     ___FILE_ONLY___  
2024-12-18 14:22:19,745 INFO     ___FILE_ONLY___ │ 
2024-12-18 14:22:19,745 INFO     ___FILE_ONLY___  1.3 MiB
2024-12-18 14:22:19,745 INFO     ___FILE_ONLY___  
2024-12-18 14:22:19,745 INFO     ___FILE_ONLY___ │
2024-12-18 14:22:19,745 INFO     ___FILE_ONLY___ 

2024-12-18 14:22:19,745 INFO     ___FILE_ONLY___ │ 
2024-12-18 14:22:19,745 INFO     ___FILE_ONLY___ gcloud cli dependencies (Platform Specific)        
2024-12-18 14:22:19,745 INFO     ___FILE_ONLY___  
2024-12-18 14:22:19,745 INFO     ___FILE_ONLY___ │ 
2024-12-18 14:22:19,745 INFO     ___FILE_ONLY___ 2021.04.16
2024-12-18 14:22:19,745 INFO     ___FILE_ONLY___  
2024-12-18 14:22:19,745 INFO     ___FILE_ONLY___ │ 
2024-12-18 14:22:19,745 INFO     ___FILE_ONLY___  < 1 MiB
2024-12-18 14:22:19,745 INFO     ___FILE_ONLY___  
2024-12-18 14:22:19,746 INFO     ___FILE_ONLY___ │
2024-12-18 14:22:19,746 INFO     ___FILE_ONLY___ 

2024-12-18 14:22:19,746 INFO     ___FILE_ONLY___ └─────────────────────────────────────────────────────┴────────────┴──────────┘
2024-12-18 14:22:19,746 INFO     ___FILE_ONLY___ 

2024-12-18 14:22:19,746 INFO     ___FILE_ONLY___ 

2024-12-18 14:22:19,749 DEBUG    urllib3.connectionpool Starting new HTTPS connection (1): dl.google.com:443
2024-12-18 14:22:19,884 DEBUG    urllib3.connectionpool https://dl.google.com:443 "GET /dl/cloudsdk/channels/rapid/RELEASE_NOTES HTTP/1.1" 200 1330711
2024-12-18 14:22:19,917 INFO     ___FILE_ONLY___ For the latest full release notes, please visit:
  https://cloud.google.com/sdk/release_notes


2024-12-18 14:22:19,918 INFO     ___FILE_ONLY___ Performing in place update...


2024-12-18 14:22:19,920 INFO     ___FILE_ONLY___ ╔════════════════════════════════════════════════════════════╗

2024-12-18 14:22:19,920 INFO     ___FILE_ONLY___ ╠═ Downloading: BigQuery Command Line Tool                  ═╣

2024-12-18 14:22:19,920 INFO     ___FILE_ONLY___ ╚
2024-12-18 14:22:19,923 DEBUG    urllib3.connectionpool Starting new HTTPS connection (1): dl.google.com:443
2024-12-18 14:22:20,053 DEBUG    urllib3.connectionpool https://dl.google.com:443 "GET /dl/cloudsdk/channels/rapid/components/google-cloud-sdk-bq-20241213184646.tar.gz HTTP/1.1" 200 1828274
2024-12-18 14:22:20,062 INFO     ___FILE_ONLY___ ═
2024-12-18 14:22:20,062 INFO     ___FILE_ONLY___ ═
2024-12-18 14:22:20,062 INFO     ___FILE_ONLY___ ═
2024-12-18 14:22:20,063 INFO     ___FILE_ONLY___ ═
2024-12-18 14:22:20,063 INFO     ___FILE_ONLY___ ═
2024-12-18 14:22:20,063 INFO     ___FILE_ONLY___ ═
2024-12-18 14:22:20,063 INFO     ___FILE_ONLY___ ═
2024-12-18 14:22:20,063 INFO     ___FILE_ONLY___ ═
2024-12-18 14:22:20,063 INFO     ___FILE_ONLY___ ═
2024-12-18 14:22:20,063 INFO     ___FILE_ONLY___ ═
2024-12-18 14:22:20,063 INFO     ___FILE_ONLY___ ═
2024-12-18 14:22:20,063 INFO     ___FILE_ONLY___ ═
2024-12-18 14:22:20,063 INFO     ___FILE_ONLY___ ═
2024-12-18 14:22:20,063 INFO     ___FILE_ONLY___ ═
2024-12-18 14:22:20,064 INFO     ___FILE_ONLY___ ═
2024-12-18 14:22:20,064 INFO     ___FILE_ONLY___ ═
2024-12-18 14:22:20,064 INFO     ___FILE_ONLY___ ═
2024-12-18 14:22:20,064 INFO     ___FILE_ONLY___ ═
2024-12-18 14:22:20,064 INFO     ___FILE_ONLY___ ═
2024-12-18 14:22:20,064 INFO     ___FILE_ONLY___ ═
2024-12-18 14:22:20,064 INFO     ___FILE_ONLY___ ═
2024-12-18 14:22:20,064 INFO     ___FILE_ONLY___ ═
2024-12-18 14:22:20,064 INFO     ___FILE_ONLY___ ═
2024-12-18 14:22:20,064 INFO     ___FILE_ONLY___ ═
2024-12-18 14:22:20,065 INFO     ___FILE_ONLY___ ═
2024-12-18 14:22:20,065 INFO     ___FILE_ONLY___ ═
2024-12-18 14:22:20,065 INFO     ___FILE_ONLY___ ═
2024-12-18 14:22:20,065 INFO     ___FILE_ONLY___ ═
2024-12-18 14:22:20,065 INFO     ___FILE_ONLY___ ═
2024-12-18 14:22:20,065 INFO     ___FILE_ONLY___ ═
2024-12-18 14:22:20,065 INFO     ___FILE_ONLY___ ═
2024-12-18 14:22:20,065 INFO     ___FILE_ONLY___ ═
2024-12-18 14:22:20,065 INFO     ___FILE_ONLY___ ═
2024-12-18 14:22:20,065 INFO     ___FILE_ONLY___ ═
2024-12-18 14:22:20,065 INFO     ___FILE_ONLY___ ═
2024-12-18 14:22:20,066 INFO     ___FILE_ONLY___ ═
2024-12-18 14:22:20,066 INFO     ___FILE_ONLY___ ═
2024-12-18 14:22:20,066 INFO     ___FILE_ONLY___ ═
2024-12-18 14:22:20,066 INFO     ___FILE_ONLY___ ═
2024-12-18 14:22:20,066 INFO     ___FILE_ONLY___ ═
2024-12-18 14:22:20,066 INFO     ___FILE_ONLY___ ═
2024-12-18 14:22:20,066 INFO     ___FILE_ONLY___ ═
2024-12-18 14:22:20,066 INFO     ___FILE_ONLY___ ═
2024-12-18 14:22:20,066 INFO     ___FILE_ONLY___ ═
2024-12-18 14:22:20,066 INFO     ___FILE_ONLY___ ═
2024-12-18 14:22:20,066 INFO     ___FILE_ONLY___ ═
2024-12-18 14:22:20,067 INFO     ___FILE_ONLY___ ═
2024-12-18 14:22:20,067 INFO     ___FILE_ONLY___ ═
2024-12-18 14:22:20,067 INFO     ___FILE_ONLY___ ═
2024-12-18 14:22:20,067 INFO     ___FILE_ONLY___ ═
2024-12-18 14:22:20,067 INFO     ___FILE_ONLY___ ═
2024-12-18 14:22:20,067 INFO     ___FILE_ONLY___ ═
2024-12-18 14:22:20,067 INFO     ___FILE_ONLY___ ═
2024-12-18 14:22:20,067 INFO     ___FILE_ONLY___ ═
2024-12-18 14:22:20,067 INFO     ___FILE_ONLY___ ═
2024-12-18 14:22:20,067 INFO     ___FILE_ONLY___ ═
2024-12-18 14:22:20,068 INFO     ___FILE_ONLY___ ═
2024-12-18 14:22:20,068 INFO     ___FILE_ONLY___ ═
2024-12-18 14:22:20,068 INFO     ___FILE_ONLY___ ═
2024-12-18 14:22:20,068 INFO     ___FILE_ONLY___ ═
2024-12-18 14:22:20,068 INFO     ___FILE_ONLY___ ╝

2024-12-18 14:22:20,070 INFO     ___FILE_ONLY___ ╔════════════════════════════════════════════════════════════╗

2024-12-18 14:22:20,070 INFO     ___FILE_ONLY___ ╠═ Downloading: BigQuery Command Line Tool (Platform Spe... ═╣

2024-12-18 14:22:20,070 INFO     ___FILE_ONLY___ ╚
2024-12-18 14:22:20,073 DEBUG    urllib3.connectionpool Starting new HTTPS connection (1): dl.google.com:443
2024-12-18 14:22:20,204 DEBUG    urllib3.connectionpool https://dl.google.com:443 "GET /dl/cloudsdk/channels/rapid/components/google-cloud-sdk-bq-nix-20240830134514.tar.gz HTTP/1.1" 200 1914
2024-12-18 14:22:20,205 INFO     ___FILE_ONLY___ ════════════════════════════════════════════════════════════
2024-12-18 14:22:20,205 INFO     ___FILE_ONLY___ ╝

2024-12-18 14:22:20,207 INFO     ___FILE_ONLY___ ╔════════════════════════════════════════════════════════════╗

2024-12-18 14:22:20,208 INFO     ___FILE_ONLY___ ╠═ Downloading: Bundled Python 3.11                         ═╣

2024-12-18 14:22:20,208 INFO     ___FILE_ONLY___ ╚
2024-12-18 14:22:20,208 INFO     ___FILE_ONLY___ ════════════════════════════════════════════════════════════
2024-12-18 14:22:20,208 INFO     ___FILE_ONLY___ ╝

2024-12-18 14:22:20,210 INFO     ___FILE_ONLY___ ╔════════════════════════════════════════════════════════════╗

2024-12-18 14:22:20,210 INFO     ___FILE_ONLY___ ╠═ Downloading: Bundled Python 3.11 (Platform Specific)     ═╣

2024-12-18 14:22:20,210 INFO     ___FILE_ONLY___ ╚
2024-12-18 14:22:20,213 DEBUG    urllib3.connectionpool Starting new HTTPS connection (1): dl.google.com:443
2024-12-18 14:22:20,339 DEBUG    urllib3.connectionpool https://dl.google.com:443 "GET /dl/cloudsdk/channels/rapid/components/google-cloud-sdk-bundled-python3-unix-linux-x86_64-20240920144119.tar.gz HTTP/1.1" 200 78001783
2024-12-18 14:22:20,577 INFO     ___FILE_ONLY___ ═
2024-12-18 14:22:20,579 INFO     ___FILE_ONLY___ ═
2024-12-18 14:22:20,581 INFO     ___FILE_ONLY___ ═
2024-12-18 14:22:20,582 INFO     ___FILE_ONLY___ ═
2024-12-18 14:22:20,584 INFO     ___FILE_ONLY___ ═
2024-12-18 14:22:20,586 INFO     ___FILE_ONLY___ ═
2024-12-18 14:22:20,587 INFO     ___FILE_ONLY___ ═
2024-12-18 14:22:20,589 INFO     ___FILE_ONLY___ ═
2024-12-18 14:22:20,590 INFO     ___FILE_ONLY___ ═
2024-12-18 14:22:20,592 INFO     ___FILE_ONLY___ ═
2024-12-18 14:22:20,593 INFO     ___FILE_ONLY___ ═
2024-12-18 14:22:20,595 INFO     ___FILE_ONLY___ ═
2024-12-18 14:22:20,597 INFO     ___FILE_ONLY___ ═
2024-12-18 14:22:20,598 INFO     ___FILE_ONLY___ ═
2024-12-18 14:22:20,600 INFO     ___FILE_ONLY___ ═
2024-12-18 14:22:20,601 INFO     ___FILE_ONLY___ ═
2024-12-18 14:22:20,603 INFO     ___FILE_ONLY___ ═
2024-12-18 14:22:20,605 INFO     ___FILE_ONLY___ ═
2024-12-18 14:22:20,606 INFO     ___FILE_ONLY___ ═
2024-12-18 14:22:20,608 INFO     ___FILE_ONLY___ ═
2024-12-18 14:22:20,609 INFO     ___FILE_ONLY___ ═
2024-12-18 14:22:20,611 INFO     ___FILE_ONLY___ ═
2024-12-18 14:22:20,612 INFO     ___FILE_ONLY___ ═
2024-12-18 14:22:20,614 INFO     ___FILE_ONLY___ ═
2024-12-18 14:22:20,615 INFO     ___FILE_ONLY___ ═
2024-12-18 14:22:20,617 INFO     ___FILE_ONLY___ ═
2024-12-18 14:22:20,619 INFO     ___FILE_ONLY___ ═
2024-12-18 14:22:20,620 INFO     ___FILE_ONLY___ ═
2024-12-18 14:22:20,622 INFO     ___FILE_ONLY___ ═
2024-12-18 14:22:20,623 INFO     ___FILE_ONLY___ ═
2024-12-18 14:22:20,625 INFO     ___FILE_ONLY___ ═
2024-12-18 14:22:20,626 INFO     ___FILE_ONLY___ ═
2024-12-18 14:22:20,628 INFO     ___FILE_ONLY___ ═
2024-12-18 14:22:20,629 INFO     ___FILE_ONLY___ ═
2024-12-18 14:22:20,631 INFO     ___FILE_ONLY___ ═
2024-12-18 14:22:20,633 INFO     ___FILE_ONLY___ ═
2024-12-18 14:22:20,634 INFO     ___FILE_ONLY___ ═
2024-12-18 14:22:20,636 INFO     ___FILE_ONLY___ ═
2024-12-18 14:22:20,637 INFO     ___FILE_ONLY___ ═
2024-12-18 14:22:20,639 INFO     ___FILE_ONLY___ ═
2024-12-18 14:22:20,641 INFO     ___FILE_ONLY___ ═
2024-12-18 14:22:20,642 INFO     ___FILE_ONLY___ ═
2024-12-18 14:22:20,644 INFO     ___FILE_ONLY___ ═
2024-12-18 14:22:20,645 INFO     ___FILE_ONLY___ ═
2024-12-18 14:22:20,647 INFO     ___FILE_ONLY___ ═
2024-12-18 14:22:20,648 INFO     ___FILE_ONLY___ ═
2024-12-18 14:22:20,650 INFO     ___FILE_ONLY___ ═
2024-12-18 14:22:20,651 INFO     ___FILE_ONLY___ ═
2024-12-18 14:22:20,653 INFO     ___FILE_ONLY___ ═
2024-12-18 14:22:20,654 INFO     ___FILE_ONLY___ ═
2024-12-18 14:22:20,656 INFO     ___FILE_ONLY___ ═
2024-12-18 14:22:20,658 INFO     ___FILE_ONLY___ ═
2024-12-18 14:22:20,659 INFO     ___FILE_ONLY___ ═
2024-12-18 14:22:20,661 INFO     ___FILE_ONLY___ ═
2024-12-18 14:22:20,662 INFO     ___FILE_ONLY___ ═
2024-12-18 14:22:20,664 INFO     ___FILE_ONLY___ ═
2024-12-18 14:22:20,665 INFO     ___FILE_ONLY___ ═
2024-12-18 14:22:20,667 INFO     ___FILE_ONLY___ ═
2024-12-18 14:22:20,669 INFO     ___FILE_ONLY___ ═
2024-12-18 14:22:20,670 INFO     ___FILE_ONLY___ ═
2024-12-18 14:22:20,670 INFO     ___FILE_ONLY___ ╝

2024-12-18 14:22:20,673 INFO     ___FILE_ONLY___ ╔════════════════════════════════════════════════════════════╗

2024-12-18 14:22:20,673 INFO     ___FILE_ONLY___ ╠═ Downloading: Cloud Storage Command Line Tool             ═╣

2024-12-18 14:22:20,673 INFO     ___FILE_ONLY___ ╚
2024-12-18 14:22:20,681 DEBUG    urllib3.connectionpool Starting new HTTPS connection (1): dl.google.com:443
2024-12-18 14:22:20,820 DEBUG    urllib3.connectionpool https://dl.google.com:443 "GET /dl/cloudsdk/channels/rapid/components/google-cloud-sdk-gsutil-20241213184646.tar.gz HTTP/1.1" 200 12368759
2024-12-18 14:22:20,853 INFO     ___FILE_ONLY___ ═
2024-12-18 14:22:20,853 INFO     ___FILE_ONLY___ ═
2024-12-18 14:22:20,854 INFO     ___FILE_ONLY___ ═
2024-12-18 14:22:20,854 INFO     ___FILE_ONLY___ ═
2024-12-18 14:22:20,854 INFO     ___FILE_ONLY___ ═
2024-12-18 14:22:20,855 INFO     ___FILE_ONLY___ ═
2024-12-18 14:22:20,855 INFO     ___FILE_ONLY___ ═
2024-12-18 14:22:20,855 INFO     ___FILE_ONLY___ ═
2024-12-18 14:22:20,855 INFO     ___FILE_ONLY___ ═
2024-12-18 14:22:20,856 INFO     ___FILE_ONLY___ ═
2024-12-18 14:22:20,856 INFO     ___FILE_ONLY___ ═
2024-12-18 14:22:20,856 INFO     ___FILE_ONLY___ ═
2024-12-18 14:22:20,857 INFO     ___FILE_ONLY___ ═
2024-12-18 14:22:20,857 INFO     ___FILE_ONLY___ ═
2024-12-18 14:22:20,857 INFO     ___FILE_ONLY___ ═
2024-12-18 14:22:20,858 INFO     ___FILE_ONLY___ ═
2024-12-18 14:22:20,858 INFO     ___FILE_ONLY___ ═
2024-12-18 14:22:20,858 INFO     ___FILE_ONLY___ ═
2024-12-18 14:22:20,859 INFO     ___FILE_ONLY___ ═
2024-12-18 14:22:20,859 INFO     ___FILE_ONLY___ ═
2024-12-18 14:22:20,859 INFO     ___FILE_ONLY___ ═
2024-12-18 14:22:20,860 INFO     ___FILE_ONLY___ ═
2024-12-18 14:22:20,860 INFO     ___FILE_ONLY___ ═
2024-12-18 14:22:20,860 INFO     ___FILE_ONLY___ ═
2024-12-18 14:22:20,860 INFO     ___FILE_ONLY___ ═
2024-12-18 14:22:20,861 INFO     ___FILE_ONLY___ ═
2024-12-18 14:22:20,861 INFO     ___FILE_ONLY___ ═
2024-12-18 14:22:20,861 INFO     ___FILE_ONLY___ ═
2024-12-18 14:22:20,862 INFO     ___FILE_ONLY___ ═
2024-12-18 14:22:20,862 INFO     ___FILE_ONLY___ ═
2024-12-18 14:22:20,862 INFO     ___FILE_ONLY___ ═
2024-12-18 14:22:20,863 INFO     ___FILE_ONLY___ ═
2024-12-18 14:22:20,863 INFO     ___FILE_ONLY___ ═
2024-12-18 14:22:20,863 INFO     ___FILE_ONLY___ ═
2024-12-18 14:22:20,864 INFO     ___FILE_ONLY___ ═
2024-12-18 14:22:20,864 INFO     ___FILE_ONLY___ ═
2024-12-18 14:22:20,864 INFO     ___FILE_ONLY___ ═
2024-12-18 14:22:20,864 INFO     ___FILE_ONLY___ ═
2024-12-18 14:22:20,865 INFO     ___FILE_ONLY___ ═
2024-12-18 14:22:20,865 INFO     ___FILE_ONLY___ ═
2024-12-18 14:22:20,865 INFO     ___FILE_ONLY___ ═
2024-12-18 14:22:20,866 INFO     ___FILE_ONLY___ ═
2024-12-18 14:22:20,866 INFO     ___FILE_ONLY___ ═
2024-12-18 14:22:20,866 INFO     ___FILE_ONLY___ ═
2024-12-18 14:22:20,867 INFO     ___FILE_ONLY___ ═
2024-12-18 14:22:20,867 INFO     ___FILE_ONLY___ ═
2024-12-18 14:22:20,867 INFO     ___FILE_ONLY___ ═
2024-12-18 14:22:20,868 INFO     ___FILE_ONLY___ ═
2024-12-18 14:22:20,868 INFO     ___FILE_ONLY___ ═
2024-12-18 14:22:20,868 INFO     ___FILE_ONLY___ ═
2024-12-18 14:22:20,869 INFO     ___FILE_ONLY___ ═
2024-12-18 14:22:20,869 INFO     ___FILE_ONLY___ ═
2024-12-18 14:22:20,869 INFO     ___FILE_ONLY___ ═
2024-12-18 14:22:20,869 INFO     ___FILE_ONLY___ ═
2024-12-18 14:22:20,870 INFO     ___FILE_ONLY___ ═
2024-12-18 14:22:20,870 INFO     ___FILE_ONLY___ ═
2024-12-18 14:22:20,870 INFO     ___FILE_ONLY___ ═
2024-12-18 14:22:20,871 INFO     ___FILE_ONLY___ ═
2024-12-18 14:22:20,871 INFO     ___FILE_ONLY___ ═
2024-12-18 14:22:20,871 INFO     ___FILE_ONLY___ ═
2024-12-18 14:22:20,871 INFO     ___FILE_ONLY___ ╝

2024-12-18 14:22:20,874 INFO     ___FILE_ONLY___ ╔════════════════════════════════════════════════════════════╗

2024-12-18 14:22:20,874 INFO     ___FILE_ONLY___ ╠═ Downloading: Cloud Storage Command Line Tool (Platfor... ═╣

2024-12-18 14:22:20,874 INFO     ___FILE_ONLY___ ╚
2024-12-18 14:22:20,877 DEBUG    urllib3.connectionpool Starting new HTTPS connection (1): dl.google.com:443
2024-12-18 14:22:21,012 DEBUG    urllib3.connectionpool https://dl.google.com:443 "GET /dl/cloudsdk/channels/rapid/components/google-cloud-sdk-gsutil-nix-20240830134514.tar.gz HTTP/1.1" 200 1928
2024-12-18 14:22:21,013 INFO     ___FILE_ONLY___ ════════════════════════════════════════════════════════════
2024-12-18 14:22:21,013 INFO     ___FILE_ONLY___ ╝

2024-12-18 14:22:21,016 INFO     ___FILE_ONLY___ ╔════════════════════════════════════════════════════════════╗

2024-12-18 14:22:21,016 INFO     ___FILE_ONLY___ ╠═ Downloading: Default set of gcloud commands              ═╣

2024-12-18 14:22:21,016 INFO     ___FILE_ONLY___ ╚
2024-12-18 14:22:21,016 INFO     ___FILE_ONLY___ ════════════════════════════════════════════════════════════
2024-12-18 14:22:21,016 INFO     ___FILE_ONLY___ ╝

2024-12-18 14:22:21,018 INFO     ___FILE_ONLY___ ╔════════════════════════════════════════════════════════════╗

2024-12-18 14:22:21,018 INFO     ___FILE_ONLY___ ╠═ Downloading: Google Cloud CLI Core Libraries (Platfor... ═╣

2024-12-18 14:22:21,018 INFO     ___FILE_ONLY___ ╚
2024-12-18 14:22:21,021 DEBUG    urllib3.connectionpool Starting new HTTPS connection (1): dl.google.com:443
2024-12-18 14:22:21,194 DEBUG    urllib3.connectionpool https://dl.google.com:443 "GET /dl/cloudsdk/channels/rapid/components/google-cloud-sdk-core-nix-20240830134514.tar.gz HTTP/1.1" 200 2306
2024-12-18 14:22:21,195 INFO     ___FILE_ONLY___ ════════════════════════════════════════════════════════════
2024-12-18 14:22:21,195 INFO     ___FILE_ONLY___ ╝

2024-12-18 14:22:21,197 INFO     ___FILE_ONLY___ ╔════════════════════════════════════════════════════════════╗

2024-12-18 14:22:21,197 INFO     ___FILE_ONLY___ ╠═ Downloading: Google Cloud CRC32C Hash Tool               ═╣

2024-12-18 14:22:21,197 INFO     ___FILE_ONLY___ ╚
2024-12-18 14:22:21,197 INFO     ___FILE_ONLY___ ════════════════════════════════════════════════════════════
2024-12-18 14:22:21,197 INFO     ___FILE_ONLY___ ╝

2024-12-18 14:22:21,199 INFO     ___FILE_ONLY___ ╔════════════════════════════════════════════════════════════╗

2024-12-18 14:22:21,199 INFO     ___FILE_ONLY___ ╠═ Downloading: Google Cloud CRC32C Hash Tool (Platform ... ═╣

2024-12-18 14:22:21,199 INFO     ___FILE_ONLY___ ╚
2024-12-18 14:22:21,202 DEBUG    urllib3.connectionpool Starting new HTTPS connection (1): dl.google.com:443
2024-12-18 14:22:21,377 DEBUG    urllib3.connectionpool https://dl.google.com:443 "GET /dl/cloudsdk/channels/rapid/components/google-cloud-sdk-gcloud-crc32c-linux-x86_64-20240712142834.tar.gz HTTP/1.1" 200 1350263
2024-12-18 14:22:21,385 INFO     ___FILE_ONLY___ ═
2024-12-18 14:22:21,385 INFO     ___FILE_ONLY___ ═
2024-12-18 14:22:21,385 INFO     ___FILE_ONLY___ ═
2024-12-18 14:22:21,386 INFO     ___FILE_ONLY___ ═
2024-12-18 14:22:21,386 INFO     ___FILE_ONLY___ ═
2024-12-18 14:22:21,386 INFO     ___FILE_ONLY___ ═
2024-12-18 14:22:21,386 INFO     ___FILE_ONLY___ ═
2024-12-18 14:22:21,386 INFO     ___FILE_ONLY___ ═
2024-12-18 14:22:21,386 INFO     ___FILE_ONLY___ ═
2024-12-18 14:22:21,386 INFO     ___FILE_ONLY___ ═
2024-12-18 14:22:21,386 INFO     ___FILE_ONLY___ ═
2024-12-18 14:22:21,386 INFO     ___FILE_ONLY___ ═
2024-12-18 14:22:21,386 INFO     ___FILE_ONLY___ ═
2024-12-18 14:22:21,386 INFO     ___FILE_ONLY___ ═
2024-12-18 14:22:21,387 INFO     ___FILE_ONLY___ ═
2024-12-18 14:22:21,387 INFO     ___FILE_ONLY___ ═
2024-12-18 14:22:21,387 INFO     ___FILE_ONLY___ ═
2024-12-18 14:22:21,387 INFO     ___FILE_ONLY___ ═
2024-12-18 14:22:21,387 INFO     ___FILE_ONLY___ ═
2024-12-18 14:22:21,387 INFO     ___FILE_ONLY___ ═
2024-12-18 14:22:21,387 INFO     ___FILE_ONLY___ ═
2024-12-18 14:22:21,387 INFO     ___FILE_ONLY___ ═
2024-12-18 14:22:21,387 INFO     ___FILE_ONLY___ ═
2024-12-18 14:22:21,387 INFO     ___FILE_ONLY___ ═
2024-12-18 14:22:21,387 INFO     ___FILE_ONLY___ ═
2024-12-18 14:22:21,387 INFO     ___FILE_ONLY___ ═
2024-12-18 14:22:21,388 INFO     ___FILE_ONLY___ ═
2024-12-18 14:22:21,388 INFO     ___FILE_ONLY___ ═
2024-12-18 14:22:21,388 INFO     ___FILE_ONLY___ ═
2024-12-18 14:22:21,388 INFO     ___FILE_ONLY___ ═
2024-12-18 14:22:21,388 INFO     ___FILE_ONLY___ ═
2024-12-18 14:22:21,388 INFO     ___FILE_ONLY___ ═
2024-12-18 14:22:21,388 INFO     ___FILE_ONLY___ ═
2024-12-18 14:22:21,388 INFO     ___FILE_ONLY___ ═
2024-12-18 14:22:21,388 INFO     ___FILE_ONLY___ ═
2024-12-18 14:22:21,388 INFO     ___FILE_ONLY___ ═
2024-12-18 14:22:21,388 INFO     ___FILE_ONLY___ ═
2024-12-18 14:22:21,388 INFO     ___FILE_ONLY___ ═
2024-12-18 14:22:21,389 INFO     ___FILE_ONLY___ ═
2024-12-18 14:22:21,389 INFO     ___FILE_ONLY___ ═
2024-12-18 14:22:21,389 INFO     ___FILE_ONLY___ ═
2024-12-18 14:22:21,389 INFO     ___FILE_ONLY___ ═
2024-12-18 14:22:21,389 INFO     ___FILE_ONLY___ ═
2024-12-18 14:22:21,389 INFO     ___FILE_ONLY___ ═
2024-12-18 14:22:21,389 INFO     ___FILE_ONLY___ ═
2024-12-18 14:22:21,389 INFO     ___FILE_ONLY___ ═
2024-12-18 14:22:21,389 INFO     ___FILE_ONLY___ ═
2024-12-18 14:22:21,389 INFO     ___FILE_ONLY___ ═
2024-12-18 14:22:21,389 INFO     ___FILE_ONLY___ ═
2024-12-18 14:22:21,390 INFO     ___FILE_ONLY___ ═
2024-12-18 14:22:21,390 INFO     ___FILE_ONLY___ ═
2024-12-18 14:22:21,390 INFO     ___FILE_ONLY___ ═
2024-12-18 14:22:21,390 INFO     ___FILE_ONLY___ ═
2024-12-18 14:22:21,390 INFO     ___FILE_ONLY___ ═
2024-12-18 14:22:21,390 INFO     ___FILE_ONLY___ ═
2024-12-18 14:22:21,390 INFO     ___FILE_ONLY___ ═
2024-12-18 14:22:21,390 INFO     ___FILE_ONLY___ ═
2024-12-18 14:22:21,390 INFO     ___FILE_ONLY___ ═
2024-12-18 14:22:21,390 INFO     ___FILE_ONLY___ ═
2024-12-18 14:22:21,390 INFO     ___FILE_ONLY___ ═
2024-12-18 14:22:21,390 INFO     ___FILE_ONLY___ ╝

2024-12-18 14:22:21,393 INFO     ___FILE_ONLY___ ╔════════════════════════════════════════════════════════════╗

2024-12-18 14:22:21,393 INFO     ___FILE_ONLY___ ╠═ Downloading: gcloud cli dependencies (Platform Specific) ═╣

2024-12-18 14:22:21,393 INFO     ___FILE_ONLY___ ╚
2024-12-18 14:22:21,396 DEBUG    urllib3.connectionpool Starting new HTTPS connection (1): dl.google.com:443
2024-12-18 14:22:21,526 DEBUG    urllib3.connectionpool https://dl.google.com:443 "GET /dl/cloudsdk/channels/rapid/components/google-cloud-sdk-gcloud-deps-linux-x86_64-20210416153011.tar.gz HTTP/1.1" 200 104
2024-12-18 14:22:21,526 INFO     ___FILE_ONLY___ ════════════════════════════════════════════════════════════
2024-12-18 14:22:21,527 INFO     ___FILE_ONLY___ ╝

2024-12-18 14:22:21,529 INFO     ___FILE_ONLY___ ╔════════════════════════════════════════════════════════════╗

2024-12-18 14:22:21,529 INFO     ___FILE_ONLY___ ╠═ Installing: BigQuery Command Line Tool                   ═╣

2024-12-18 14:22:21,529 INFO     ___FILE_ONLY___ ╚
2024-12-18 14:22:21,622 INFO     ___FILE_ONLY___ ═
2024-12-18 14:22:21,625 INFO     ___FILE_ONLY___ ═
2024-12-18 14:22:21,627 INFO     ___FILE_ONLY___ ═
2024-12-18 14:22:21,630 INFO     ___FILE_ONLY___ ═
2024-12-18 14:22:21,632 INFO     ___FILE_ONLY___ ═
2024-12-18 14:22:21,635 INFO     ___FILE_ONLY___ ═
2024-12-18 14:22:21,637 INFO     ___FILE_ONLY___ ═
2024-12-18 14:22:21,640 INFO     ___FILE_ONLY___ ═
2024-12-18 14:22:21,642 INFO     ___FILE_ONLY___ ═
2024-12-18 14:22:21,644 INFO     ___FILE_ONLY___ ═
2024-12-18 14:22:21,646 INFO     ___FILE_ONLY___ ═
2024-12-18 14:22:21,648 INFO     ___FILE_ONLY___ ═
2024-12-18 14:22:21,651 INFO     ___FILE_ONLY___ ═
2024-12-18 14:22:21,653 INFO     ___FILE_ONLY___ ═
2024-12-18 14:22:21,655 INFO     ___FILE_ONLY___ ═
2024-12-18 14:22:21,657 INFO     ___FILE_ONLY___ ═
2024-12-18 14:22:21,659 INFO     ___FILE_ONLY___ ═
2024-12-18 14:22:21,662 INFO     ___FILE_ONLY___ ═
2024-12-18 14:22:21,665 INFO     ___FILE_ONLY___ ═
2024-12-18 14:22:21,667 INFO     ___FILE_ONLY___ ═
2024-12-18 14:22:21,669 INFO     ___FILE_ONLY___ ═
2024-12-18 14:22:21,671 INFO     ___FILE_ONLY___ ═
2024-12-18 14:22:21,673 INFO     ___FILE_ONLY___ ═
2024-12-18 14:22:21,675 INFO     ___FILE_ONLY___ ═
2024-12-18 14:22:21,678 INFO     ___FILE_ONLY___ ═
2024-12-18 14:22:21,679 INFO     ___FILE_ONLY___ ═
2024-12-18 14:22:21,681 INFO     ___FILE_ONLY___ ═
2024-12-18 14:22:21,684 INFO     ___FILE_ONLY___ ═
2024-12-18 14:22:21,687 INFO     ___FILE_ONLY___ ═
2024-12-18 14:22:21,689 INFO     ___FILE_ONLY___ ═
2024-12-18 14:22:21,692 INFO     ___FILE_ONLY___ ═
2024-12-18 14:22:21,694 INFO     ___FILE_ONLY___ ═
2024-12-18 14:22:21,697 INFO     ___FILE_ONLY___ ═
2024-12-18 14:22:21,701 INFO     ___FILE_ONLY___ ═
2024-12-18 14:22:21,709 INFO     ___FILE_ONLY___ ═
2024-12-18 14:22:21,711 INFO     ___FILE_ONLY___ ═
2024-12-18 14:22:21,713 INFO     ___FILE_ONLY___ ═
2024-12-18 14:22:21,718 INFO     ___FILE_ONLY___ ═
2024-12-18 14:22:21,720 INFO     ___FILE_ONLY___ ═
2024-12-18 14:22:21,723 INFO     ___FILE_ONLY___ ═
2024-12-18 14:22:21,725 INFO     ___FILE_ONLY___ ═
2024-12-18 14:22:21,727 INFO     ___FILE_ONLY___ ═
2024-12-18 14:22:21,731 INFO     ___FILE_ONLY___ ═
2024-12-18 14:22:21,734 INFO     ___FILE_ONLY___ ═
2024-12-18 14:22:21,736 INFO     ___FILE_ONLY___ ═
2024-12-18 14:22:21,738 INFO     ___FILE_ONLY___ ═
2024-12-18 14:22:21,740 INFO     ___FILE_ONLY___ ═
2024-12-18 14:22:21,742 INFO     ___FILE_ONLY___ ═
2024-12-18 14:22:21,744 INFO     ___FILE_ONLY___ ═
2024-12-18 14:22:21,747 INFO     ___FILE_ONLY___ ═
2024-12-18 14:22:21,749 INFO     ___FILE_ONLY___ ═
2024-12-18 14:22:21,751 INFO     ___FILE_ONLY___ ═
2024-12-18 14:22:21,753 INFO     ___FILE_ONLY___ ═
2024-12-18 14:22:21,755 INFO     ___FILE_ONLY___ ═
2024-12-18 14:22:21,758 INFO     ___FILE_ONLY___ ═
2024-12-18 14:22:21,759 INFO     ___FILE_ONLY___ ═
2024-12-18 14:22:21,761 INFO     ___FILE_ONLY___ ═
2024-12-18 14:22:21,764 INFO     ___FILE_ONLY___ ═
2024-12-18 14:22:21,765 INFO     ___FILE_ONLY___ ═
2024-12-18 14:22:21,768 INFO     ___FILE_ONLY___ ═
2024-12-18 14:22:21,768 INFO     ___FILE_ONLY___ ╝

2024-12-18 14:22:21,781 INFO     ___FILE_ONLY___ ╔════════════════════════════════════════════════════════════╗

2024-12-18 14:22:21,781 INFO     ___FILE_ONLY___ ╠═ Installing: BigQuery Command Line Tool (Platform Spec... ═╣

2024-12-18 14:22:21,781 INFO     ___FILE_ONLY___ ╚
2024-12-18 14:22:21,782 INFO     ___FILE_ONLY___ ════════════════════════════════════════════════════════════
2024-12-18 14:22:21,782 INFO     ___FILE_ONLY___ ╝

2024-12-18 14:22:21,786 INFO     ___FILE_ONLY___ ╔════════════════════════════════════════════════════════════╗

2024-12-18 14:22:21,787 INFO     ___FILE_ONLY___ ╠═ Installing: Bundled Python 3.11                          ═╣

2024-12-18 14:22:21,787 INFO     ___FILE_ONLY___ ╚
2024-12-18 14:22:21,790 INFO     ___FILE_ONLY___ ════════════════════════════════════════════════════════════
2024-12-18 14:22:21,790 INFO     ___FILE_ONLY___ ╝

2024-12-18 14:22:21,792 INFO     ___FILE_ONLY___ ╔════════════════════════════════════════════════════════════╗

2024-12-18 14:22:21,792 INFO     ___FILE_ONLY___ ╠═ Installing: Bundled Python 3.11 (Platform Specific)      ═╣

2024-12-18 14:22:21,792 INFO     ___FILE_ONLY___ ╚
2024-12-18 14:22:23,778 INFO     ___FILE_ONLY___ ═
2024-12-18 14:22:23,794 INFO     ___FILE_ONLY___ ═
2024-12-18 14:22:23,808 INFO     ___FILE_ONLY___ ═
2024-12-18 14:22:23,821 INFO     ___FILE_ONLY___ ═
2024-12-18 14:22:23,834 INFO     ___FILE_ONLY___ ═
2024-12-18 14:22:23,848 INFO     ___FILE_ONLY___ ═
2024-12-18 14:22:23,861 INFO     ___FILE_ONLY___ ═
2024-12-18 14:22:23,875 INFO     ___FILE_ONLY___ ═
2024-12-18 14:22:23,888 INFO     ___FILE_ONLY___ ═
2024-12-18 14:22:23,901 INFO     ___FILE_ONLY___ ═
2024-12-18 14:22:23,914 INFO     ___FILE_ONLY___ ═
2024-12-18 14:22:23,928 INFO     ___FILE_ONLY___ ═
2024-12-18 14:22:23,942 INFO     ___FILE_ONLY___ ═
2024-12-18 14:22:23,956 INFO     ___FILE_ONLY___ ═
2024-12-18 14:22:23,969 INFO     ___FILE_ONLY___ ═
2024-12-18 14:22:23,983 INFO     ___FILE_ONLY___ ═
2024-12-18 14:22:23,997 INFO     ___FILE_ONLY___ ═
2024-12-18 14:22:24,010 INFO     ___FILE_ONLY___ ═
2024-12-18 14:22:24,023 INFO     ___FILE_ONLY___ ═
2024-12-18 14:22:24,036 INFO     ___FILE_ONLY___ ═
2024-12-18 14:22:24,049 INFO     ___FILE_ONLY___ ═
2024-12-18 14:22:24,062 INFO     ___FILE_ONLY___ ═
2024-12-18 14:22:24,075 INFO     ___FILE_ONLY___ ═
2024-12-18 14:22:24,088 INFO     ___FILE_ONLY___ ═
2024-12-18 14:22:24,102 INFO     ___FILE_ONLY___ ═
2024-12-18 14:22:24,116 INFO     ___FILE_ONLY___ ═
2024-12-18 14:22:24,128 INFO     ___FILE_ONLY___ ═
2024-12-18 14:22:24,142 INFO     ___FILE_ONLY___ ═
2024-12-18 14:22:24,155 INFO     ___FILE_ONLY___ ═
2024-12-18 14:22:24,168 INFO     ___FILE_ONLY___ ═
2024-12-18 14:22:24,180 INFO     ___FILE_ONLY___ ═
2024-12-18 14:22:24,193 INFO     ___FILE_ONLY___ ═
2024-12-18 14:22:24,205 INFO     ___FILE_ONLY___ ═
2024-12-18 14:22:24,218 INFO     ___FILE_ONLY___ ═
2024-12-18 14:22:24,231 INFO     ___FILE_ONLY___ ═
2024-12-18 14:22:24,244 INFO     ___FILE_ONLY___ ═
2024-12-18 14:22:24,942 INFO     ___FILE_ONLY___ ═
2024-12-18 14:22:24,967 INFO     ___FILE_ONLY___ ═
2024-12-18 14:22:24,989 INFO     ___FILE_ONLY___ ═
2024-12-18 14:22:25,009 INFO     ___FILE_ONLY___ ═
2024-12-18 14:22:25,029 INFO     ___FILE_ONLY___ ═
2024-12-18 14:22:25,152 INFO     ___FILE_ONLY___ ═
2024-12-18 14:22:25,179 INFO     ___FILE_ONLY___ ═
2024-12-18 14:22:25,196 INFO     ___FILE_ONLY___ ═
2024-12-18 14:22:25,212 INFO     ___FILE_ONLY___ ═
2024-12-18 14:22:25,228 INFO     ___FILE_ONLY___ ═
2024-12-18 14:22:25,256 INFO     ___FILE_ONLY___ ═
2024-12-18 14:22:25,276 INFO     ___FILE_ONLY___ ═
2024-12-18 14:22:25,293 INFO     ___FILE_ONLY___ ═
2024-12-18 14:22:25,307 INFO     ___FILE_ONLY___ ═
2024-12-18 14:22:25,390 INFO     ___FILE_ONLY___ ═
2024-12-18 14:22:25,409 INFO     ___FILE_ONLY___ ═
2024-12-18 14:22:25,427 INFO     ___FILE_ONLY___ ═
2024-12-18 14:22:25,444 INFO     ___FILE_ONLY___ ═
2024-12-18 14:22:25,485 INFO     ___FILE_ONLY___ ═
2024-12-18 14:22:25,825 INFO     ___FILE_ONLY___ ═
2024-12-18 14:22:25,843 INFO     ___FILE_ONLY___ ═
2024-12-18 14:22:25,864 INFO     ___FILE_ONLY___ ═
2024-12-18 14:22:25,883 INFO     ___FILE_ONLY___ ═
2024-12-18 14:22:26,233 INFO     ___FILE_ONLY___ ═
2024-12-18 14:22:26,233 INFO     ___FILE_ONLY___ ╝

2024-12-18 14:22:26,298 INFO     ___FILE_ONLY___ ╔════════════════════════════════════════════════════════════╗

2024-12-18 14:22:26,298 INFO     ___FILE_ONLY___ ╠═ Installing: Cloud Storage Command Line Tool              ═╣

2024-12-18 14:22:26,298 INFO     ___FILE_ONLY___ ╚
2024-12-18 14:22:26,798 INFO     ___FILE_ONLY___ ═
2024-12-18 14:22:26,814 INFO     ___FILE_ONLY___ ═
2024-12-18 14:22:26,834 INFO     ___FILE_ONLY___ ═
2024-12-18 14:22:26,849 INFO     ___FILE_ONLY___ ═
2024-12-18 14:22:26,864 INFO     ___FILE_ONLY___ ═
2024-12-18 14:22:26,876 INFO     ___FILE_ONLY___ ═
2024-12-18 14:22:26,890 INFO     ___FILE_ONLY___ ═
2024-12-18 14:22:26,902 INFO     ___FILE_ONLY___ ═
2024-12-18 14:22:26,916 INFO     ___FILE_ONLY___ ═
2024-12-18 14:22:26,929 INFO     ___FILE_ONLY___ ═
2024-12-18 14:22:26,942 INFO     ___FILE_ONLY___ ═
2024-12-18 14:22:26,953 INFO     ___FILE_ONLY___ ═
2024-12-18 14:22:26,962 INFO     ___FILE_ONLY___ ═
2024-12-18 14:22:26,971 INFO     ___FILE_ONLY___ ═
2024-12-18 14:22:26,981 INFO     ___FILE_ONLY___ ═
2024-12-18 14:22:26,990 INFO     ___FILE_ONLY___ ═
2024-12-18 14:22:27,002 INFO     ___FILE_ONLY___ ═
2024-12-18 14:22:27,012 INFO     ___FILE_ONLY___ ═
2024-12-18 14:22:27,022 INFO     ___FILE_ONLY___ ═
2024-12-18 14:22:27,032 INFO     ___FILE_ONLY___ ═
2024-12-18 14:22:27,044 INFO     ___FILE_ONLY___ ═
2024-12-18 14:22:27,057 INFO     ___FILE_ONLY___ ═
2024-12-18 14:22:27,072 INFO     ___FILE_ONLY___ ═
2024-12-18 14:22:27,081 INFO     ___FILE_ONLY___ ═
2024-12-18 14:22:27,095 INFO     ___FILE_ONLY___ ═
2024-12-18 14:22:27,114 INFO     ___FILE_ONLY___ ═
2024-12-18 14:22:27,132 INFO     ___FILE_ONLY___ ═
2024-12-18 14:22:27,149 INFO     ___FILE_ONLY___ ═
2024-12-18 14:22:27,164 INFO     ___FILE_ONLY___ ═
2024-12-18 14:22:27,184 INFO     ___FILE_ONLY___ ═
2024-12-18 14:22:27,194 INFO     ___FILE_ONLY___ ═
2024-12-18 14:22:27,205 INFO     ___FILE_ONLY___ ═
2024-12-18 14:22:27,222 INFO     ___FILE_ONLY___ ═
2024-12-18 14:22:27,234 INFO     ___FILE_ONLY___ ═
2024-12-18 14:22:27,244 INFO     ___FILE_ONLY___ ═
2024-12-18 14:22:27,254 INFO     ___FILE_ONLY___ ═
2024-12-18 14:22:27,264 INFO     ___FILE_ONLY___ ═
2024-12-18 14:22:27,274 INFO     ___FILE_ONLY___ ═
2024-12-18 14:22:27,285 INFO     ___FILE_ONLY___ ═
2024-12-18 14:22:27,296 INFO     ___FILE_ONLY___ ═
2024-12-18 14:22:27,305 INFO     ___FILE_ONLY___ ═
2024-12-18 14:22:27,319 INFO     ___FILE_ONLY___ ═
2024-12-18 14:22:27,328 INFO     ___FILE_ONLY___ ═
2024-12-18 14:22:27,341 INFO     ___FILE_ONLY___ ═
2024-12-18 14:22:27,356 INFO     ___FILE_ONLY___ ═
2024-12-18 14:22:27,367 INFO     ___FILE_ONLY___ ═
2024-12-18 14:22:27,376 INFO     ___FILE_ONLY___ ═
2024-12-18 14:22:27,387 INFO     ___FILE_ONLY___ ═
2024-12-18 14:22:27,398 INFO     ___FILE_ONLY___ ═
2024-12-18 14:22:27,410 INFO     ___FILE_ONLY___ ═
2024-12-18 14:22:27,427 INFO     ___FILE_ONLY___ ═
2024-12-18 14:22:27,439 INFO     ___FILE_ONLY___ ═
2024-12-18 14:22:27,454 INFO     ___FILE_ONLY___ ═
2024-12-18 14:22:27,467 INFO     ___FILE_ONLY___ ═
2024-12-18 14:22:27,501 INFO     ___FILE_ONLY___ ═
2024-12-18 14:22:27,512 INFO     ___FILE_ONLY___ ═
2024-12-18 14:22:27,522 INFO     ___FILE_ONLY___ ═
2024-12-18 14:22:27,533 INFO     ___FILE_ONLY___ ═
2024-12-18 14:22:27,545 INFO     ___FILE_ONLY___ ═
2024-12-18 14:22:27,560 INFO     ___FILE_ONLY___ ═
2024-12-18 14:22:27,560 INFO     ___FILE_ONLY___ ╝

2024-12-18 14:22:27,604 INFO     ___FILE_ONLY___ ╔════════════════════════════════════════════════════════════╗

2024-12-18 14:22:27,604 INFO     ___FILE_ONLY___ ╠═ Installing: Cloud Storage Command Line Tool (Platform... ═╣

2024-12-18 14:22:27,604 INFO     ___FILE_ONLY___ ╚
2024-12-18 14:22:27,604 INFO     ___FILE_ONLY___ ════════════════════════════════════════════════════════════
2024-12-18 14:22:27,605 INFO     ___FILE_ONLY___ ╝

2024-12-18 14:22:27,610 INFO     ___FILE_ONLY___ ╔════════════════════════════════════════════════════════════╗

2024-12-18 14:22:27,610 INFO     ___FILE_ONLY___ ╠═ Installing: Default set of gcloud commands               ═╣

2024-12-18 14:22:27,610 INFO     ___FILE_ONLY___ ╚
2024-12-18 14:22:27,613 INFO     ___FILE_ONLY___ ════════════════════════════════════════════════════════════
2024-12-18 14:22:27,613 INFO     ___FILE_ONLY___ ╝

2024-12-18 14:22:27,615 INFO     ___FILE_ONLY___ ╔════════════════════════════════════════════════════════════╗

2024-12-18 14:22:27,615 INFO     ___FILE_ONLY___ ╠═ Installing: Google Cloud CLI Core Libraries (Platform... ═╣

2024-12-18 14:22:27,615 INFO     ___FILE_ONLY___ ╚
2024-12-18 14:22:27,616 INFO     ___FILE_ONLY___ ══════════════════════════════
2024-12-18 14:22:27,616 INFO     ___FILE_ONLY___ ══════════════════════════════
2024-12-18 14:22:27,616 INFO     ___FILE_ONLY___ ╝

2024-12-18 14:22:27,621 INFO     ___FILE_ONLY___ ╔════════════════════════════════════════════════════════════╗

2024-12-18 14:22:27,621 INFO     ___FILE_ONLY___ ╠═ Installing: Google Cloud CRC32C Hash Tool                ═╣

2024-12-18 14:22:27,621 INFO     ___FILE_ONLY___ ╚
2024-12-18 14:22:27,624 INFO     ___FILE_ONLY___ ════════════════════════════════════════════════════════════
2024-12-18 14:22:27,625 INFO     ___FILE_ONLY___ ╝

2024-12-18 14:22:27,626 INFO     ___FILE_ONLY___ ╔════════════════════════════════════════════════════════════╗

2024-12-18 14:22:27,626 INFO     ___FILE_ONLY___ ╠═ Installing: Google Cloud CRC32C Hash Tool (Platform S... ═╣

2024-12-18 14:22:27,626 INFO     ___FILE_ONLY___ ╚
2024-12-18 14:22:27,660 INFO     ___FILE_ONLY___ ══════════════════════════════
2024-12-18 14:22:27,660 INFO     ___FILE_ONLY___ ══════════════════════════════
2024-12-18 14:22:27,660 INFO     ___FILE_ONLY___ ╝

2024-12-18 14:22:27,665 INFO     ___FILE_ONLY___ ╔════════════════════════════════════════════════════════════╗

2024-12-18 14:22:27,666 INFO     ___FILE_ONLY___ ╠═ Installing: gcloud cli dependencies (Platform Specific)  ═╣

2024-12-18 14:22:27,666 INFO     ___FILE_ONLY___ ╚
2024-12-18 14:22:27,666 INFO     ___FILE_ONLY___ ════════════════════════════════════════════════════════════
2024-12-18 14:22:27,666 INFO     ___FILE_ONLY___ ╝

2024-12-18 14:22:27,672 DEBUG    root            Updating notification cache...
2024-12-18 14:22:27,672 INFO     ___FILE_ONLY___ 

2024-12-18 14:22:27,674 INFO     ___FILE_ONLY___ Performing post processing steps...
2024-12-18 14:22:27,675 DEBUG    root            Executing command: ['/tools/google-cloud-sdk/bin/gcloud', 'components', 'post-process']
2024-12-18 14:22:36,930 DEBUG    ___FILE_ONLY___ 
2024-12-18 14:22:36,930 DEBUG    ___FILE_ONLY___ 
2024-12-18 14:22:36,965 INFO     ___FILE_ONLY___ 
Update done!


2024-12-18 14:22:36,968 DEBUG    root            Chosen display Format:none
2024-12-18 14:22:36,969 INFO     root            Display format: "none"
