2024-12-18 14:22:37,461 DEBUG    root            Loaded Command Group: ['gcloud', 'components']
2024-12-18 14:22:37,462 DEBUG    root            Loaded Command Group: ['gcloud', 'components', 'update']
2024-12-18 14:22:37,464 DEBUG    root            Running [gcloud.components.update] with arguments: [--quiet: "True", COMPONENT-IDS:8: "['gcloud', 'core', 'bq', 'gsutil', 'compute', 'preview', 'alpha', 'beta']"]
2024-12-18 14:22:37,465 INFO     ___FILE_ONLY___ Beginning update. This process may take several minutes.

2024-12-18 14:22:37,473 DEBUG    urllib3.connectionpool Starting new HTTPS connection (1): dl.google.com:443
2024-12-18 14:22:37,602 DEBUG    urllib3.connectionpool https://dl.google.com:443 "GET /dl/cloudsdk/channels/rapid/components-2.json HTTP/1.1" 200 227824
2024-12-18 14:22:37,617 WARNING  root            Component [compute] no longer exists.
2024-12-18 14:22:37,618 INFO     ___FILE_ONLY___ 

2024-12-18 14:22:37,618 INFO     ___FILE_ONLY___ 
Your current Google Cloud CLI version is: 504.0.0

2024-12-18 14:22:37,618 INFO     ___FILE_ONLY___ Installing components from version: 504.0.0

2024-12-18 14:22:37,618 INFO     ___FILE_ONLY___ 

2024-12-18 14:22:37,618 DEBUG    root            Chosen display Format:table[box,title="These components will be removed."](details.display_name:label=Name:align=left,version.version_string:label=Version:align=right,data.size.size(zero="",min=1048576):label=Size:align=right)
2024-12-18 14:22:37,619 DEBUG    root            Chosen display Format:table[box,title="These components will be updated."](details.display_name:label=Name:align=left,version.version_string:label=Version:align=right,data.size.size(zero="",min=1048576):label=Size:align=right)
2024-12-18 14:22:37,620 DEBUG    root            Chosen display Format:table[box,title="These components will be installed."](details.display_name:label=Name:align=left,version.version_string:label=Version:align=right,data.size.size(zero="",min=1048576):label=Size:align=right)
2024-12-18 14:22:37,634 INFO     ___FILE_ONLY___ ┌────────────────────────────────────────────────┐
2024-12-18 14:22:37,634 INFO     ___FILE_ONLY___ 

2024-12-18 14:22:37,634 INFO     ___FILE_ONLY___ │      These components will be installed.       │
2024-12-18 14:22:37,634 INFO     ___FILE_ONLY___ 

2024-12-18 14:22:37,634 INFO     ___FILE_ONLY___ ├─────────────────────────┬────────────┬─────────┤
2024-12-18 14:22:37,634 INFO     ___FILE_ONLY___ 

2024-12-18 14:22:37,634 INFO     ___FILE_ONLY___ │           Name          │  Version   │   Size  │
2024-12-18 14:22:37,634 INFO     ___FILE_ONLY___ 

2024-12-18 14:22:37,634 INFO     ___FILE_ONLY___ ├─────────────────────────┼────────────┼─────────┤
2024-12-18 14:22:37,634 INFO     ___FILE_ONLY___ 

2024-12-18 14:22:37,634 INFO     ___FILE_ONLY___ │ 
2024-12-18 14:22:37,634 INFO     ___FILE_ONLY___ gcloud Alpha Commands  
2024-12-18 14:22:37,635 INFO     ___FILE_ONLY___  
2024-12-18 14:22:37,635 INFO     ___FILE_ONLY___ │ 
2024-12-18 14:22:37,635 INFO     ___FILE_ONLY___ 2024.12.13
2024-12-18 14:22:37,635 INFO     ___FILE_ONLY___  
2024-12-18 14:22:37,635 INFO     ___FILE_ONLY___ │ 
2024-12-18 14:22:37,635 INFO     ___FILE_ONLY___ < 1 MiB
2024-12-18 14:22:37,635 INFO     ___FILE_ONLY___  
2024-12-18 14:22:37,635 INFO     ___FILE_ONLY___ │
2024-12-18 14:22:37,635 INFO     ___FILE_ONLY___ 

2024-12-18 14:22:37,635 INFO     ___FILE_ONLY___ │ 
2024-12-18 14:22:37,635 INFO     ___FILE_ONLY___ gcloud Beta Commands   
2024-12-18 14:22:37,635 INFO     ___FILE_ONLY___  
2024-12-18 14:22:37,635 INFO     ___FILE_ONLY___ │ 
2024-12-18 14:22:37,635 INFO     ___FILE_ONLY___ 2024.12.13
2024-12-18 14:22:37,635 INFO     ___FILE_ONLY___  
2024-12-18 14:22:37,635 INFO     ___FILE_ONLY___ │ 
2024-12-18 14:22:37,635 INFO     ___FILE_ONLY___ < 1 MiB
2024-12-18 14:22:37,635 INFO     ___FILE_ONLY___  
2024-12-18 14:22:37,635 INFO     ___FILE_ONLY___ │
2024-12-18 14:22:37,635 INFO     ___FILE_ONLY___ 

2024-12-18 14:22:37,636 INFO     ___FILE_ONLY___ │ 
2024-12-18 14:22:37,636 INFO     ___FILE_ONLY___ gcloud Preview Commands
2024-12-18 14:22:37,636 INFO     ___FILE_ONLY___  
2024-12-18 14:22:37,636 INFO     ___FILE_ONLY___ │ 
2024-12-18 14:22:37,636 INFO     ___FILE_ONLY___           
2024-12-18 14:22:37,636 INFO     ___FILE_ONLY___  
2024-12-18 14:22:37,636 INFO     ___FILE_ONLY___ │ 
2024-12-18 14:22:37,636 INFO     ___FILE_ONLY___ < 1 MiB
2024-12-18 14:22:37,636 INFO     ___FILE_ONLY___  
2024-12-18 14:22:37,636 INFO     ___FILE_ONLY___ │
2024-12-18 14:22:37,636 INFO     ___FILE_ONLY___ 

2024-12-18 14:22:37,636 INFO     ___FILE_ONLY___ └─────────────────────────┴────────────┴─────────┘
2024-12-18 14:22:37,636 INFO     ___FILE_ONLY___ 

2024-12-18 14:22:37,636 INFO     ___FILE_ONLY___ 

2024-12-18 14:22:37,639 DEBUG    urllib3.connectionpool Starting new HTTPS connection (1): dl.google.com:443
2024-12-18 14:22:37,763 DEBUG    urllib3.connectionpool https://dl.google.com:443 "GET /dl/cloudsdk/channels/rapid/RELEASE_NOTES HTTP/1.1" 200 1330711
2024-12-18 14:22:37,797 INFO     ___FILE_ONLY___ For the latest full release notes, please visit:
  https://cloud.google.com/sdk/release_notes


2024-12-18 14:22:37,798 INFO     ___FILE_ONLY___ Performing in place update...


2024-12-18 14:22:37,800 INFO     ___FILE_ONLY___ ╔════════════════════════════════════════════════════════════╗

2024-12-18 14:22:37,800 INFO     ___FILE_ONLY___ ╠═ Downloading: gcloud Alpha Commands                       ═╣

2024-12-18 14:22:37,800 INFO     ___FILE_ONLY___ ╚
2024-12-18 14:22:37,803 DEBUG    urllib3.connectionpool Starting new HTTPS connection (1): dl.google.com:443
2024-12-18 14:22:37,960 DEBUG    urllib3.connectionpool https://dl.google.com:443 "GET /dl/cloudsdk/channels/rapid/components/google-cloud-sdk-alpha-20241213184646.tar.gz HTTP/1.1" 200 800
2024-12-18 14:22:37,961 INFO     ___FILE_ONLY___ ════════════════════════════════════════════════════════════
2024-12-18 14:22:37,961 INFO     ___FILE_ONLY___ ╝

2024-12-18 14:22:37,963 INFO     ___FILE_ONLY___ ╔════════════════════════════════════════════════════════════╗

2024-12-18 14:22:37,963 INFO     ___FILE_ONLY___ ╠═ Downloading: gcloud Beta Commands                        ═╣

2024-12-18 14:22:37,963 INFO     ___FILE_ONLY___ ╚
2024-12-18 14:22:37,966 DEBUG    urllib3.connectionpool Starting new HTTPS connection (1): dl.google.com:443
2024-12-18 14:22:38,122 DEBUG    urllib3.connectionpool https://dl.google.com:443 "GET /dl/cloudsdk/channels/rapid/components/google-cloud-sdk-beta-20241213184646.tar.gz HTTP/1.1" 200 797
2024-12-18 14:22:38,123 INFO     ___FILE_ONLY___ ════════════════════════════════════════════════════════════
2024-12-18 14:22:38,123 INFO     ___FILE_ONLY___ ╝

2024-12-18 14:22:38,125 INFO     ___FILE_ONLY___ ╔════════════════════════════════════════════════════════════╗

2024-12-18 14:22:38,125 INFO     ___FILE_ONLY___ ╠═ Downloading: gcloud Preview Commands                     ═╣

2024-12-18 14:22:38,125 INFO     ___FILE_ONLY___ ╚
2024-12-18 14:22:38,128 DEBUG    urllib3.connectionpool Starting new HTTPS connection (1): dl.google.com:443
2024-12-18 14:22:38,292 DEBUG    urllib3.connectionpool https://dl.google.com:443 "GET /dl/cloudsdk/channels/rapid/components/google-cloud-sdk-preview-20241115154308.tar.gz HTTP/1.1" 200 823
2024-12-18 14:22:38,292 INFO     ___FILE_ONLY___ ════════════════════════════════════════════════════════════
2024-12-18 14:22:38,292 INFO     ___FILE_ONLY___ ╝

2024-12-18 14:22:38,294 INFO     ___FILE_ONLY___ ╔════════════════════════════════════════════════════════════╗

2024-12-18 14:22:38,295 INFO     ___FILE_ONLY___ ╠═ Installing: gcloud Alpha Commands                        ═╣

2024-12-18 14:22:38,295 INFO     ___FILE_ONLY___ ╚
2024-12-18 14:22:38,295 INFO     ___FILE_ONLY___ ════════════════════════════════════════════════════════════
2024-12-18 14:22:38,296 INFO     ___FILE_ONLY___ ╝

2024-12-18 14:22:38,306 INFO     ___FILE_ONLY___ ╔════════════════════════════════════════════════════════════╗

2024-12-18 14:22:38,306 INFO     ___FILE_ONLY___ ╠═ Installing: gcloud Beta Commands                         ═╣

2024-12-18 14:22:38,306 INFO     ___FILE_ONLY___ ╚
2024-12-18 14:22:38,307 INFO     ___FILE_ONLY___ ════════════════════════════════════════════════════════════
2024-12-18 14:22:38,307 INFO     ___FILE_ONLY___ ╝

2024-12-18 14:22:38,312 INFO     ___FILE_ONLY___ ╔════════════════════════════════════════════════════════════╗

2024-12-18 14:22:38,312 INFO     ___FILE_ONLY___ ╠═ Installing: gcloud Preview Commands                      ═╣

2024-12-18 14:22:38,312 INFO     ___FILE_ONLY___ ╚
2024-12-18 14:22:38,312 INFO     ___FILE_ONLY___ ════════════════════════════════════════════════════════════
2024-12-18 14:22:38,312 INFO     ___FILE_ONLY___ ╝

2024-12-18 14:22:38,319 DEBUG    root            Updating notification cache...
2024-12-18 14:22:38,319 INFO     ___FILE_ONLY___ 

2024-12-18 14:22:38,321 INFO     ___FILE_ONLY___ Performing post processing steps...
2024-12-18 14:22:38,321 DEBUG    root            Executing command: ['/tools/google-cloud-sdk/bin/gcloud', 'components', 'post-process']
2024-12-18 14:22:47,690 DEBUG    ___FILE_ONLY___ 
2024-12-18 14:22:47,690 DEBUG    ___FILE_ONLY___ 
2024-12-18 14:22:47,842 INFO     ___FILE_ONLY___ 
Update done!


2024-12-18 14:22:47,844 DEBUG    root            Chosen display Format:none
2024-12-18 14:22:47,845 INFO     root            Display format: "none"
